<?xml version="1.0" encoding="UTF-8"?>
<testsuite xmlns:xsi="http://www.w3.org/2001/XMLSchema-instance" xsi:noNamespaceSchemaLocation="https://maven.apache.org/surefire/maven-surefire-plugin/xsd/surefire-test-report.xsd" name="Runner.Runner" time="56.008" tests="23" errors="0" skipped="0" failures="0">
  <properties>
[...]
</properties>
  <testcase name="Given Launch the browser and enter url" classname="| 9021866046 | 9021866046 |" time="0.003"/>
  <testcase name="And User click on Sign In button" classname="| 9021866046 | 9021866046 |" time="0"/>
  <testcase name="When User enter &quot;9021866046&quot; and User enter &quot;9021866046&quot;" classname="| 9021866046 | 9021866046 |" time="0"/>
  <testcase name="And Click on Sign In button" classname="| 9021866046 | 9021866046 |" time="0"/>
  <testcase name="Then Verify login" classname="| 9021866046 | 9021866046 |" time="0"/>
  <testcase name="| 9021866046 | 9021866046 |" classname="| 9021866046 | 9021866046 |" time="0"/>
  <testcase name="Given User serach the item" classname="Scenario: Select item and add to cart" time="0"/>
  <testcase name="When User click on item" classname="Scenario: Select item and add to cart" time="0"/>
  <testcase name="Then Add to cart" classname="Scenario: Select item and add to cart" time="0"/>
  <testcase name="Scenario: Select item and add to cart" classname="Scenario: Select item and add to cart" time="0.002"/>
  <testcase name="Given User click on cart button" classname="Scenario: Check your items add in cart" time="0"/>
  <testcase name="And Verify your item added to the cart" classname="Scenario: Check your items add in cart" time="0"/>
  <testcase name="Then Check quantity as per requirement" classname="Scenario: Check your items add in cart" time="0"/>
  <testcase name="Scenario: Check your items add in cart" classname="Scenario: Check your items add in cart" time="0"/>
  <testcase name="Given User click on Procced To Buy button" classname="Scenario: Buy Selected Item" time="0"/>
  <testcase name="When Verify Address Details" classname="Scenario: Buy Selected Item" time="0.001"/>
  <testcase name="Then Click on Deliver To Address button" classname="Scenario: Buy Selected Item" time="0"/>
  <testcase name="Scenario: Buy Selected Item" classname="Scenario: Buy Selected Item" time="0.001"/>
  <testcase name="Given User click on Payment method" classname="Scenario: Make Payment for selected items" time="0"/>
  <testcase name="When Add details for payment" classname="Scenario: Make Payment for selected items" time="0"/>
  <testcase name="And Click on continue button" classname="Scenario: Make Payment for selected items" time="0"/>
  <testcase name="Then Close Browser" classname="Scenario: Make Payment for selected items" time="0"/>
  <testcase name="Scenario: Make Payment for selected items" classname="Scenario: Make Payment for selected items" time="0"/>
</testsuite>